<?xml version="1.0" encoding="UTF-8"?>
<!-- Generated by org.testng.reporters.JUnitReportReporter -->
<testsuite skipped="0" hostname="KatlaSelenium" name="tests.LoginPageTest" tests="1" failures="0" timestamp="28 Jun 2017 18:20:04 GMT" time="14.310" errors="0">
  <testcase name="checkValidUser" time="14.310" classname="tests.LoginPageTest"/>
</testsuite> <!-- tests.LoginPageTest -->
