<?xml version="1.0" encoding="UTF-8"?>
<!-- Generated by org.testng.reporters.JUnitReportReporter -->
<testsuite skipped="0" hostname="KatlaSelenium" name="tests.LoginPageTests" tests="2" failures="0" timestamp="28 Jun 2017 20:04:46 GMT" time="2.993" errors="0">
  <testcase name="loginPageTest" time="1.180" classname="tests.LoginPageTests"/>
  <testcase name="userLoginTest" time="1.813" classname="tests.LoginPageTests"/>
</testsuite> <!-- tests.LoginPageTests -->
