<?xml version="1.0" encoding="UTF-8"?>
<!-- Generated by org.testng.reporters.JUnitReportReporter -->
<testsuite skipped="0" hostname="KatlaSelenium" name="tests.CreditReportTest" tests="2" failures="0" timestamp="28 Jun 2017 20:04:46 GMT" time="7.664" errors="0">
  <testcase name="creditReportTest" time="6.006" classname="tests.CreditReportTest"/>
  <testcase name="userLogoutTest" time="1.658" classname="tests.CreditReportTest"/>
</testsuite> <!-- tests.CreditReportTest -->
