<?xml version="1.0" encoding="UTF-8"?>
<!-- Generated by org.testng.reporters.JUnitReportReporter -->
<testsuite skipped="0" hostname="KatlaSelenium" name="tests.LoginPageTests" tests="2" failures="0" timestamp="28 Jun 2017 20:25:43 GMT" time="2.790" errors="0">
  <testcase name="loginPageTest" time="1.083" classname="tests.LoginPageTests"/>
  <testcase name="userLoginTest" time="1.707" classname="tests.LoginPageTests"/>
</testsuite> <!-- tests.LoginPageTests -->
