<?xml version="1.0" encoding="UTF-8"?>
<!-- Generated by org.testng.reporters.JUnitReportReporter -->
<testsuite skipped="0" hostname="KatlaSelenium" name="tests.CreditReportTest" tests="2" failures="0" timestamp="03 Jul 2017 20:55:09 GMT" time="6.674" errors="0">
  <testcase name="creditReportTest" time="5.315" classname="tests.CreditReportTest"/>
  <testcase name="userLogoutTest" time="1.359" classname="tests.CreditReportTest"/>
</testsuite> <!-- tests.CreditReportTest -->
