<?xml version="1.0" encoding="UTF-8"?>
<!-- Generated by org.testng.reporters.JUnitReportReporter -->
<testsuite skipped="0" hostname="KatlaSelenium" name="tests.LoginPageTests" tests="2" failures="0" timestamp="29 Jun 2017 12:30:13 GMT" time="4.101" errors="0">
  <testcase name="loginPageTest" time="1.528" classname="tests.LoginPageTests"/>
  <testcase name="userLoginTest" time="2.573" classname="tests.LoginPageTests"/>
</testsuite> <!-- tests.LoginPageTests -->
