<?xml version="1.0" encoding="UTF-8"?>
<!-- Generated by org.testng.reporters.JUnitReportReporter -->
<testsuite skipped="0" hostname="KatlaSelenium" name="tests.CreditReportTest" tests="2" failures="0" timestamp="05 Jul 2017 20:06:44 GMT" time="6.798" errors="0">
  <testcase name="creditReportTest" time="5.368" classname="tests.CreditReportTest"/>
  <testcase name="userLogoutTest" time="1.430" classname="tests.CreditReportTest"/>
</testsuite> <!-- tests.CreditReportTest -->
