<?xml version="1.0" encoding="UTF-8"?>
<!-- Generated by org.testng.reporters.JUnitReportReporter -->
<testsuite skipped="0" hostname="KatlaSelenium" name="tests.CreditReportTest" tests="2" failures="0" timestamp="29 Jun 2017 12:30:13 GMT" time="9.515" errors="0">
  <testcase name="creditReportTest" time="7.547" classname="tests.CreditReportTest"/>
  <testcase name="userLogoutTest" time="1.968" classname="tests.CreditReportTest"/>
</testsuite> <!-- tests.CreditReportTest -->
