<?xml version="1.0" encoding="UTF-8"?>
<!-- Generated by org.testng.reporters.JUnitReportReporter -->
<testsuite skipped="0" hostname="KatlaSelenium" name="tests.CreditReportTest" tests="2" failures="0" timestamp="29 Jun 2017 12:19:32 GMT" time="6.797" errors="0">
  <testcase name="creditReportTest" time="5.245" classname="tests.CreditReportTest"/>
  <testcase name="userLogoutTest" time="1.552" classname="tests.CreditReportTest"/>
</testsuite> <!-- tests.CreditReportTest -->
