<?xml version="1.0" encoding="UTF-8"?>
<!-- Generated by org.testng.reporters.JUnitReportReporter -->
<testsuite skipped="0" hostname="KatlaSelenium" name="tests.LoginPageTests" tests="2" failures="0" timestamp="29 Jun 2017 14:18:57 GMT" time="3.457" errors="0">
  <testcase name="loginPageTest" time="1.302" classname="tests.LoginPageTests"/>
  <testcase name="userLoginTest" time="2.155" classname="tests.LoginPageTests"/>
</testsuite> <!-- tests.LoginPageTests -->
