<?xml version="1.0" encoding="UTF-8"?>
<!-- Generated by org.testng.reporters.JUnitReportReporter -->
<testsuite skipped="0" hostname="KatlaSelenium" name="tests.CreditReportTest" tests="2" failures="0" timestamp="05 Jul 2017 19:52:51 GMT" time="6.174" errors="0">
  <testcase name="creditReportTest" time="4.640" classname="tests.CreditReportTest"/>
  <testcase name="userLogoutTest" time="1.534" classname="tests.CreditReportTest"/>
</testsuite> <!-- tests.CreditReportTest -->
