<?xml version="1.0" encoding="UTF-8"?>
<!-- Generated by org.testng.reporters.JUnitReportReporter -->
<testsuite skipped="0" hostname="KatlaSelenium" name="tests.CreditReportTest" tests="2" failures="0" timestamp="29 Jun 2017 14:18:57 GMT" time="15.099" errors="0">
  <testcase name="creditReportTest" time="12.655" classname="tests.CreditReportTest"/>
  <testcase name="userLogoutTest" time="2.444" classname="tests.CreditReportTest"/>
</testsuite> <!-- tests.CreditReportTest -->
